<?xml version="1.0" encoding="UTF-8"?>
<!-- Generated by org.testng.reporters.JUnitXMLReporter -->
<testsuite ignored="0" hostname="HASEEB1" failures="1" tests="7" name="Default test" time="88.422" errors="0" timestamp="2024-01-07T09:47:19 PKT">
  <testcase classname="io.cucumber.testng.AbstractTestNGCucumberTests" name="runScenario" time="4.841"/>
  <testcase classname="io.cucumber.testng.AbstractTestNGCucumberTests" name="runScenario" time="2.92"/>
  <testcase classname="io.cucumber.testng.AbstractTestNGCucumberTests" name="runScenario" time="2.952">
    <failure type="java.lang.AssertionError" message="User should not be navigated to the Home Page expected [true] but found [false]">
      <![CDATA[java.lang.AssertionError: User should not be navigated to the Home Page expected [true] but found [false]
at org.testng.Assert.fail(Assert.java:111)
at org.testng.Assert.failNotEquals(Assert.java:1578)
at org.testng.Assert.assertTrue(Assert.java:57)
at StepDefinitions.LoginPOM_StepsDefinition.user_should_be(LoginPOM_StepsDefinition.java:79)
at ✽.User should be "not_navigated"(file:///D:/Eclipse/framework/java_framwork/src/test/resources/Features/sauceDemoProducts.feature:19)
]]>
    </failure>
  </testcase> <!-- runScenario -->
  <testcase classname="io.cucumber.testng.AbstractTestNGCucumberTests" name="runScenario" time="7.352"/>
  <testcase classname="io.cucumber.testng.AbstractTestNGCucumberTests" name="runScenario" time="7.011"/>
  <testcase classname="io.cucumber.testng.AbstractTestNGCucumberTests" name="runScenario" time="7.006"/>
  <testcase classname="io.cucumber.testng.AbstractTestNGCucumberTests" name="runScenario" time="53.846"/>
</testsuite> <!-- Default test -->
