<?xml version="1.0" encoding="UTF-8" ?>
<testsuite tests="7" failures="1" name="TestRunner.CucumberTestRunner" time="86.226" errors="0" skipped="0">
  <properties>
[...]
</properties>
  <testcase classname="TestRunner.CucumberTestRunner" name="runScenario" time="5.138"/>
  <testcase classname="TestRunner.CucumberTestRunner" name="runScenario" time="2.776"/>
  <testcase classname="TestRunner.CucumberTestRunner" name="runScenario" time="3.051">
    <failure message="User should not be navigated to the Home Page expected [true] but found [false]" type="java.lang.AssertionError">java.lang.AssertionError: User should not be navigated to the Home Page expected [true] but found [false]
	at org.testng.Assert.fail(Assert.java:111)
	at org.testng.Assert.failNotEquals(Assert.java:1578)
	at org.testng.Assert.assertTrue(Assert.java:57)
	at StepDefinitions.LoginPOM_StepsDefinition.user_should_be(LoginPOM_StepsDefinition.java:79)
	at ✽.User should be &quot;not_navigated&quot;(file:///D:/Eclipse/framework/java_framwork/src/test/resources/Features/sauceDemoProducts.feature:19)
</failure>
    <system-out>
Scenario Outline: Check login is unsuccessful with valid credentials &amp;#27;[90m# src/test/resources/Features/sauceDemoProducts.feature:24&amp;#27;[0m
  &amp;#27;[32mGiven &amp;#27;[0m&amp;#27;[32mUser is on login page&amp;#27;[0m                                        &amp;#27;[90m# StepDefinitions.LoginPOM_StepsDefinition.user_is_on_login_page()&amp;#27;[0m
  &amp;#27;[32mWhen &amp;#27;[0m&amp;#27;[32mUser enters valid &amp;#27;[0m&amp;#27;[32m&amp;#27;[1m&quot;locked_out_user&quot;&amp;#27;[0m&amp;#27;[32m and &amp;#27;[0m&amp;#27;[32m&amp;#27;[1m&quot;secret_sauce&quot;&amp;#27;[0m        &amp;#27;[90m# StepDefinitions.LoginPOM_StepsDefinition.user_enters_valid_username_and_password(java.lang.String,java.lang.String)&amp;#27;[0m
  &amp;#27;[32mAnd &amp;#27;[0m&amp;#27;[32mClicks on login Button&amp;#27;[0m                                         &amp;#27;[90m# StepDefinitions.LoginPOM_StepsDefinition.click_on_login_button()&amp;#27;[0m
  &amp;#27;[31mThen &amp;#27;[0m&amp;#27;[31mUser should be &amp;#27;[0m&amp;#27;[31m&amp;#27;[1m&quot;not_navigated&quot;&amp;#27;[0m                                &amp;#27;[90m# StepDefinitions.LoginPOM_StepsDefinition.user_should_be(java.lang.String)&amp;#27;[0m
      &amp;#27;[31mjava.lang.AssertionError: User should not be navigated to the Home Page expected [true] but found [false]
	at org.testng.Assert.fail(Assert.java:111)
	at org.testng.Assert.failNotEquals(Assert.java:1578)
	at org.testng.Assert.assertTrue(Assert.java:57)
	at StepDefinitions.LoginPOM_StepsDefinition.user_should_be(LoginPOM_StepsDefinition.java:79)
	at âœ½.User should be &quot;not_navigated&quot;(file:///D:/Eclipse/framework/java_framwork/src/test/resources/Features/sauceDemoProducts.feature:19)
&amp;#27;[0m
  &amp;#27;[36mThen &amp;#27;[0m&amp;#27;[36mclose the browser&amp;#27;[0m                                             &amp;#27;[90m# StepDefinitions.LoginPOM_StepsDefinition.close_Browser()&amp;#27;[0m
</system-out>
    <system-err>Jan 07, 2024 9:47:48 AM org.openqa.selenium.manager.SeleniumManager lambda$runCommand$1
WARNING: The chromedriver version (120.0.6099.62) detected in PATH at C:\chromedriver-win64\chromedriver.exe might not be compatible with the detected chrome version (120.0.6099.200); currently, chromedriver 120.0.6099.109 is recommended for chrome 120.*, so it is advised to delete the driver in PATH and retry
Jan 07, 2024 9:47:48 AM org.openqa.selenium.devtools.CdpVersionFinder findNearestMatch
WARNING: Unable to find CDP implementation matching 120
Jan 07, 2024 9:47:48 AM org.openqa.selenium.chromium.ChromiumDriver lambda$new$5
WARNING: Unable to find version of CDP to use for 120.0.6099.200. You may need to include a dependency on a specific version of the CDP using something similar to `org.seleniumhq.selenium:selenium-devtools-v86:4.11.0` where the version (&quot;v86&quot;) matches the version of the chromium-based browser you&apos;re using and the version number of the artifact is the same as Selenium&apos;s.
</system-err>
  </testcase>
  <testcase classname="TestRunner.CucumberTestRunner" name="runScenario" time="7.227"/>
  <testcase classname="TestRunner.CucumberTestRunner" name="runScenario" time="7.016"/>
  <testcase classname="TestRunner.CucumberTestRunner" name="runScenario" time="6.97"/>
  <testcase classname="TestRunner.CucumberTestRunner" name="runScenario" time="54.048"/>
</testsuite>